<?xml version="1.0" encoding="UTF-8"?>
<!-- Generated by org.testng.reporters.JUnitXMLReporter -->
<testsuite ignored="0" hostname="DESKTOP-CMCT864" failures="0" tests="6" name="Default test" time="646.135" errors="0" timestamp="2023-04-14T19:42:20 IST">
  <testcase classname="auditor.AuditorcountInternal" name="Login" time="37.776"/>
  <testcase classname="auditor.AuditorcountInternal" name="ClosedTimely_PieChartperiod" time="172.477"/>
  <testcase classname="auditor.AuditorcountInternal" name="NotCompleted_PieChartPe" time="148.367"/>
  <testcase classname="auditor.AuditorcountInternal" name="Overdue_PieChartInternalPe" time="150.338"/>
  <testcase classname="auditor.AuditorcountInternal" name="PFR_PieChartInternalPe" time="88.449"/>
  <testcase classname="auditor.AuditorcountInternal" name="DailyUpdates" time="37.717"/>
</testsuite> <!-- Default test -->
